Build started 2014-10-17 20:52:34.
     1>Project "C:\CFun\Inlämning\Inlämning4\Inlämning4\Inlämning4.vcxproj" on node 2 (Build target(s)).
     1>ClCompile:
         C:\Program Files (x86)\Microsoft Visual Studio 12.0\VC\bin\CL.exe /c /ZI /nologo /W3 /WX- /sdl /Od /Oy- /D _CRT_SECURE_NO_WARNINGS /D _MBCS /Gm /EHsc /RTC1 /MDd /GS /fp:precise /Zc:wchar_t /Zc:forScope /Fo"Debug\\" /Fd"Debug\vc120.pdb" /Gd /TC /analyze- /errorReport:prompt queue.c
         queue.c
     1>c:\cfun\inlämning\inlämning4\inlämning4\queue.c(17): warning C4047: 'function' : 'char *' differs in levels of indirection from 'char (*)[50]'
     1>c:\cfun\inlämning\inlämning4\inlämning4\queue.c(17): warning C4024: 'strcpy' : different types for formal and actual parameter 1
     1>c:\cfun\inlämning\inlämning4\inlämning4\queue.c(18): warning C4047: 'function' : 'char *' differs in levels of indirection from 'char (*)[50]'
     1>c:\cfun\inlämning\inlämning4\inlämning4\queue.c(18): warning C4024: 'strcpy' : different types for formal and actual parameter 1
     1>c:\cfun\inlämning\inlämning4\inlämning4\queue.c(19): warning C4047: 'function' : 'char *' differs in levels of indirection from 'char (*)[50]'
     1>c:\cfun\inlämning\inlämning4\inlämning4\queue.c(19): warning C4024: 'strcpy' : different types for formal and actual parameter 1
     1>c:\cfun\inlämning\inlämning4\inlämning4\queue.c(29): warning C4047: 'function' : 'const char *' differs in levels of indirection from 'char (*)[50]'
     1>c:\cfun\inlämning\inlämning4\inlämning4\queue.c(29): warning C4024: 'strcpy' : different types for formal and actual parameter 2
     1>c:\cfun\inlämning\inlämning4\inlämning4\queue.c(30): warning C4047: 'function' : 'const char *' differs in levels of indirection from 'char (*)[50]'
     1>c:\cfun\inlämning\inlämning4\inlämning4\queue.c(30): warning C4024: 'strcpy' : different types for formal and actual parameter 2
     1>c:\cfun\inlämning\inlämning4\inlämning4\queue.c(31): warning C4047: 'function' : 'const char *' differs in levels of indirection from 'char (*)[50]'
     1>c:\cfun\inlämning\inlämning4\inlämning4\queue.c(31): warning C4024: 'strcpy' : different types for formal and actual parameter 2
     1>c:\cfun\inlämning\inlämning4\inlämning4\queue.c(45): warning C4047: 'function' : 'const char *' differs in levels of indirection from 'char (*)[50]'
     1>c:\cfun\inlämning\inlämning4\inlämning4\queue.c(45): warning C4024: 'strcpy' : different types for formal and actual parameter 2
     1>c:\cfun\inlämning\inlämning4\inlämning4\queue.c(46): warning C4047: 'function' : 'const char *' differs in levels of indirection from 'char (*)[50]'
     1>c:\cfun\inlämning\inlämning4\inlämning4\queue.c(46): warning C4024: 'strcpy' : different types for formal and actual parameter 2
     1>c:\cfun\inlämning\inlämning4\inlämning4\queue.c(47): warning C4047: 'function' : 'const char *' differs in levels of indirection from 'char (*)[50]'
     1>c:\cfun\inlämning\inlämning4\inlämning4\queue.c(47): warning C4024: 'strcpy' : different types for formal and actual parameter 2
       Link:
         C:\Program Files (x86)\Microsoft Visual Studio 12.0\VC\bin\link.exe /ERRORREPORT:PROMPT /OUT:"C:\CFun\Inlämning\Inlämning4\Debug\Inlämning4.exe" /INCREMENTAL /NOLOGO kernel32.lib user32.lib gdi32.lib winspool.lib comdlg32.lib advapi32.lib shell32.lib ole32.lib oleaut32.lib uuid.lib odbc32.lib odbccp32.lib /MANIFEST /MANIFESTUAC:"level='asInvoker' uiAccess='false'" /manifest:embed /DEBUG /PDB:"C:\CFun\Inlämning\Inlämning4\Debug\Inlämning4.pdb" /TLBID:1 /DYNAMICBASE /NXCOMPAT /IMPLIB:"C:\CFun\Inlämning\Inlämning4\Debug\Inlämning4.lib" /MACHINE:X86 Debug\main.obj
         Debug\queue.obj
         Inlämning4.vcxproj -> C:\CFun\Inlämning\Inlämning4\Debug\Inlämning4.exe
     1>Done Building Project "C:\CFun\Inlämning\Inlämning4\Inlämning4\Inlämning4.vcxproj" (Build target(s)).

Build succeeded.

Time Elapsed 00:00:00.61
