Build started 2014-10-06 19:17:04.
     1>Project "C:\CFun\Inlämning\Inlämning2\Inlämning2\Inlämning2.vcxproj" on node 2 (Build target(s)).
     1>ClCompile:
         C:\Program Files (x86)\Microsoft Visual Studio 12.0\VC\bin\CL.exe /c /ZI /nologo /W3 /WX- /sdl /Od /Oy- /D _CRT_SECURE_NO_WARNINGS /D _MBCS /Gm /EHsc /RTC1 /MDd /GS /fp:precise /Zc:wchar_t /Zc:forScope /Fo"Debug\\" /Fd"Debug\vc120.pdb" /Gd /TC /analyze- /errorReport:prompt fileOfDoom.c
         fileOfDoom.c
     1>c:\cfun\inlämning\inlämning2\inlämning2\fileofdoom.c(36): warning C4244: 'function' : conversion from 'time_t' to 'unsigned int', possible loss of data
     1>c:\cfun\inlämning\inlämning2\inlämning2\fileofdoom.c(38): warning C4013: 'manage' undefined; assuming extern returning int
     1>c:\cfun\inlämning\inlämning2\inlämning2\fileofdoom.c(41): error C2371: 'manage' : redefinition; different basic types
     1>c:\cfun\inlämning\inlämning2\inlämning2\fileofdoom.c(42): warning C4013: 'getCurrentState' undefined; assuming extern returning int
     1>c:\cfun\inlämning\inlämning2\inlämning2\fileofdoom.c(43): warning C4013: 'drawMainMenu' undefined; assuming extern returning int
     1>c:\cfun\inlämning\inlämning2\inlämning2\fileofdoom.c(44): warning C4013: 'handleGameInput' undefined; assuming extern returning int
     1>c:\cfun\inlämning\inlämning2\inlämning2\fileofdoom.c(46): warning C4013: 'drawGuessMenu' undefined; assuming extern returning int
     1>c:\cfun\inlämning\inlämning2\inlämning2\fileofdoom.c(47): warning C4013: 'handleGuessInput' undefined; assuming extern returning int
     1>c:\cfun\inlämning\inlämning2\inlämning2\fileofdoom.c(49): warning C4013: 'drawDiceMenu' undefined; assuming extern returning int
     1>c:\cfun\inlämning\inlämning2\inlämning2\fileofdoom.c(50): warning C4013: 'handleDiceInput' undefined; assuming extern returning int
     1>c:\cfun\inlämning\inlämning2\inlämning2\fileofdoom.c(52): warning C4013: 'drawFibMenu' undefined; assuming extern returning int
     1>c:\cfun\inlämning\inlämning2\inlämning2\fileofdoom.c(53): warning C4013: 'handleFibInput' undefined; assuming extern returning int
     1>c:\cfun\inlämning\inlämning2\inlämning2\fileofdoom.c(69): error C2371: 'drawMainMenu' : redefinition; different basic types
     1>c:\cfun\inlämning\inlämning2\inlämning2\fileofdoom.c(78): error C2371: 'handleGameInput' : redefinition; different basic types
     1>c:\cfun\inlämning\inlämning2\inlämning2\fileofdoom.c(83): warning C4013: 'validateNumber' undefined; assuming extern returning int
     1>c:\cfun\inlämning\inlämning2\inlämning2\fileofdoom.c(113): error C2371: 'drawDiceMenu' : redefinition; different basic types
     1>c:\cfun\inlämning\inlämning2\inlämning2\fileofdoom.c(148): warning C4013: 'generateRndNum' undefined; assuming extern returning int
     1>c:\cfun\inlämning\inlämning2\inlämning2\fileofdoom.c(166): error C2371: 'handleDiceInput' : redefinition; different basic types
     1>c:\cfun\inlämning\inlämning2\inlämning2\fileofdoom.c(172): warning C4013: 'validateUINTMAX' undefined; assuming extern returning int
     1>c:\cfun\inlämning\inlämning2\inlämning2\fileofdoom.c(172): warning C4013: 'validateMin' undefined; assuming extern returning int
     1>c:\cfun\inlämning\inlämning2\inlämning2\fileofdoom.c(190): error C2371: 'drawFibMenu' : redefinition; different basic types
     1>c:\cfun\inlämning\inlämning2\inlämning2\fileofdoom.c(221): error C2371: 'handleFibInput' : redefinition; different basic types
     1>c:\cfun\inlämning\inlämning2\inlämning2\fileofdoom.c(243): error C2371: 'drawGuessMenu' : redefinition; different basic types
     1>c:\cfun\inlämning\inlämning2\inlämning2\fileofdoom.c(250): error C2371: 'handleGuessInput' : redefinition; different basic types
     1>Done Building Project "C:\CFun\Inlämning\Inlämning2\Inlämning2\Inlämning2.vcxproj" (Build target(s)) -- FAILED.

Build FAILED.

Time Elapsed 00:00:00.11
